lah15/LAH15/app/build/outputs/logs/manifest-merger-release-report.txt
-- Merging decision tree log ---
manifest
ADDED from AndroidManifest.xml:1:1
	xmlns:android
		ADDED from AndroidManifest.xml:1:11
	package
		ADDED from AndroidManifest.xml:2:5
		INJECTED from AndroidManifest.xml:0:0
		INJECTED from AndroidManifest.xml:0:0
	android:versionName
		ADDED from AndroidManifest.xml:4:5
	android:versionCode
		ADDED from AndroidManifest.xml:3:5
		INJECTED from AndroidManifest.xml:0:0
		INJECTED from AndroidManifest.xml:0:0
uses-permission#android.permission.INTERNET
ADDED from AndroidManifest.xml:6:5
	android:name
		ADDED from AndroidManifest.xml:6:22
uses-permission#android.permission.ACCESS_NETWORK_STATE
ADDED from AndroidManifest.xml:7:5
	android:name
		ADDED from AndroidManifest.xml:7:22
uses-permission#android.permission.WAKE_LOCK
ADDED from AndroidManifest.xml:8:5
	android:name
		ADDED from AndroidManifest.xml:8:22
uses-permission#android.permission.VIBRATE
ADDED from AndroidManifest.xml:9:5
	android:name
		ADDED from AndroidManifest.xml:9:22
uses-permission#android.permission.RECEIVE_BOOT_COMPLETED
ADDED from AndroidManifest.xml:10:5
	android:name
		ADDED from AndroidManifest.xml:10:22
uses-permission#android.permission.GET_ACCOUNTS
ADDED from AndroidManifest.xml:11:5
	android:name
		ADDED from AndroidManifest.xml:11:22
uses-permission#com.google.android.c2dm.permission.RECEIVE
ADDED from AndroidManifest.xml:12:5
	android:name
		ADDED from AndroidManifest.xml:12:22
permission#se.martenolsson.lah15.permission.C2D_MESSAGE
ADDED from AndroidManifest.xml:14:5
	android:protectionLevel
		ADDED from AndroidManifest.xml:14:17
	android:name
		ADDED from AndroidManifest.xml:15:9
uses-permission#se.martenolsson.lah15.permission.C2D_MESSAGE
ADDED from AndroidManifest.xml:16:5
	android:name
		ADDED from AndroidManifest.xml:16:22
application
ADDED from AndroidManifest.xml:18:5
MERGED from com.android.support:support-v4:23.1.1:22:5
MERGED from com.android.support:appcompat-v7:23.1.1:22:5
MERGED from com.android.support:support-v4:23.1.1:22:5
MERGED from com.android.support:support-v4:23.1.1:22:5
MERGED from com.android.support:palette-v7:23.1.1:22:5
MERGED from com.android.support:support-v4:23.1.1:22:5
MERGED from com.android.support:support-v4:23.1.1:22:5
MERGED from me.imid.swipebacklayout.lib:library:1.0.0:11:5
MERGED from com.android.support:support-v4:23.1.1:22:5
	android:label
		ADDED from AndroidManifest.xml:20:9
	android:icon
		ADDED from AndroidManifest.xml:19:9
	android:theme
		ADDED from AndroidManifest.xml:21:9
	android:hardwareAccelerated
		ADDED from AndroidManifest.xml:23:9
	android:largeHeap
		ADDED from AndroidManifest.xml:22:9
	android:name
		ADDED from AndroidManifest.xml:24:9
activity#se.martenolsson.lah15.MainActivity
ADDED from AndroidManifest.xml:27:9
	android:screenOrientation
		ADDED from AndroidManifest.xml:31:13
	android:label
		ADDED from AndroidManifest.xml:29:13
	android:theme
		ADDED from AndroidManifest.xml:30:13
	android:hardwareAccelerated
		ADDED from AndroidManifest.xml:32:13
	android:name
		ADDED from AndroidManifest.xml:28:13
	android:launchMode
		ADDED from AndroidManifest.xml:33:13
intent-filter#android.intent.action.MAIN+android.intent.category.LAUNCHER
ADDED from AndroidManifest.xml:35:13
action#android.intent.action.MAIN
ADDED from AndroidManifest.xml:36:17
	android:name
		ADDED from AndroidManifest.xml:36:25
category#android.intent.category.LAUNCHER
ADDED from AndroidManifest.xml:37:17
	android:name
		ADDED from AndroidManifest.xml:37:27
activity#se.martenolsson.lah15.SingleItemView
ADDED from AndroidManifest.xml:41:9
	android:screenOrientation
		ADDED from AndroidManifest.xml:43:13
	android:theme
		ADDED from AndroidManifest.xml:45:13
	android:hardwareAccelerated
		ADDED from AndroidManifest.xml:44:13
	android:name
		ADDED from AndroidManifest.xml:42:13
activity#se.martenolsson.lah15.FollowView
ADDED from AndroidManifest.xml:47:9
	android:screenOrientation
		ADDED from AndroidManifest.xml:50:13
	android:label
		ADDED from AndroidManifest.xml:49:13
	android:theme
		ADDED from AndroidManifest.xml:52:13
	android:hardwareAccelerated
		ADDED from AndroidManifest.xml:51:13
	android:name
		ADDED from AndroidManifest.xml:48:13
activity#se.martenolsson.lah15.chemeView
ADDED from AndroidManifest.xml:56:9
	android:screenOrientation
		ADDED from AndroidManifest.xml:59:13
	android:label
		ADDED from AndroidManifest.xml:58:13
	android:theme
		ADDED from AndroidManifest.xml:61:13
	android:hardwareAccelerated
		ADDED from AndroidManifest.xml:60:13
	android:name
		ADDED from AndroidManifest.xml:57:13
activity#se.martenolsson.lah15.playListView
ADDED from AndroidManifest.xml:65:9
	android:screenOrientation
		ADDED from AndroidManifest.xml:68:13
	android:label
		ADDED from AndroidManifest.xml:67:13
	android:theme
		ADDED from AndroidManifest.xml:70:13
	android:hardwareAccelerated
		ADDED from AndroidManifest.xml:69:13
	android:name
		ADDED from AndroidManifest.xml:66:13
activity#se.martenolsson.lah15.AboutView
ADDED from AndroidManifest.xml:74:9
	android:screenOrientation
		ADDED from AndroidManifest.xml:77:13
	android:label
		ADDED from AndroidManifest.xml:76:13
	android:hardwareAccelerated
		ADDED from AndroidManifest.xml:78:13
	android:name
		ADDED from AndroidManifest.xml:75:13
activity#se.martenolsson.lah15.classes.NotificationReturnSlot
ADDED from AndroidManifest.xml:82:9
	android:excludeFromRecents
		ADDED from AndroidManifest.xml:85:13
	android:taskAffinity
		ADDED from AndroidManifest.xml:84:13
	android:name
		ADDED from AndroidManifest.xml:82:19
	android:launchMode
		ADDED from AndroidManifest.xml:83:13
receiver#se.martenolsson.lah15.AlarmReceiver
ADDED from AndroidManifest.xml:87:9
	android:name
		ADDED from AndroidManifest.xml:87:19
service#com.parse.PushService
ADDED from AndroidManifest.xml:89:9
	android:name
		ADDED from AndroidManifest.xml:89:18
receiver#com.parse.ParseBroadcastReceiver
ADDED from AndroidManifest.xml:90:9
	android:name
		ADDED from AndroidManifest.xml:90:19
intent-filter#android.intent.action.BOOT_COMPLETED+android.intent.action.USER_PRESENT
ADDED from AndroidManifest.xml:91:13
action#android.intent.action.BOOT_COMPLETED
ADDED from AndroidManifest.xml:92:17
	android:name
		ADDED from AndroidManifest.xml:92:25
action#android.intent.action.USER_PRESENT
ADDED from AndroidManifest.xml:93:17
	android:name
		ADDED from AndroidManifest.xml:93:25
receiver#se.martenolsson.lah15.Receiver
ADDED from AndroidManifest.xml:97:9
	android:exported
		ADDED from AndroidManifest.xml:99:13
	android:name
		ADDED from AndroidManifest.xml:98:13
intent-filter#com.parse.push.intent.DELETE+com.parse.push.intent.OPEN+com.parse.push.intent.RECEIVE
ADDED from AndroidManifest.xml:100:13
action#com.parse.push.intent.RECEIVE
ADDED from AndroidManifest.xml:101:17
	android:name
		ADDED from AndroidManifest.xml:101:25
action#com.parse.push.intent.DELETE
ADDED from AndroidManifest.xml:102:17
	android:name
		ADDED from AndroidManifest.xml:102:25
action#com.parse.push.intent.OPEN
ADDED from AndroidManifest.xml:103:17
	android:name
		ADDED from AndroidManifest.xml:103:25
receiver#com.parse.GcmBroadcastReceiver
ADDED from AndroidManifest.xml:107:9
	android:permission
		ADDED from AndroidManifest.xml:108:13
	android:name
		ADDED from AndroidManifest.xml:107:19
intent-filter#com.google.android.c2dm.intent.RECEIVE+com.google.android.c2dm.intent.REGISTRATION+se.martenolsson.lah15
ADDED from AndroidManifest.xml:109:13
action#com.google.android.c2dm.intent.RECEIVE
ADDED from AndroidManifest.xml:110:17
	android:name
		ADDED from AndroidManifest.xml:110:25
action#com.google.android.c2dm.intent.REGISTRATION
ADDED from AndroidManifest.xml:111:17
	android:name
		ADDED from AndroidManifest.xml:111:25
category#se.martenolsson.lah15
ADDED from AndroidManifest.xml:113:17
	android:name
		ADDED from AndroidManifest.xml:113:27
meta-data#com.parse.push.notification_icon
ADDED from AndroidManifest.xml:116:9
	android:resource
		ADDED from AndroidManifest.xml:116:68
	android:name
		ADDED from AndroidManifest.xml:116:20
uses-sdk
INJECTED from AndroidManifest.xml:0:0 reason: use-sdk injection requested
MERGED from com.android.support:multidex:1.0.1:18:5
MERGED from com.android.support:support-v4:23.1.1:20:5
MERGED from com.android.support:appcompat-v7:23.1.1:20:5
MERGED from com.android.support:support-v4:23.1.1:20:5
MERGED from com.github.florent37:glidepalette:1.0.6:7:5
MERGED from com.android.support:support-v4:23.1.1:20:5
MERGED from com.android.support:palette-v7:23.1.1:20:5
MERGED from com.android.support:support-v4:23.1.1:20:5
MERGED from com.android.support:recyclerview-v7:23.1.1:20:5
MERGED from com.android.support:support-v4:23.1.1:20:5
MERGED from me.imid.swipebacklayout.lib:library:1.0.0:7:5
MERGED from com.android.support:support-v4:23.1.1:20:5
MERGED from com.daimajia.swipelayout:library:1.2.0:6:5
MERGED from jp.wasabeef:glide-transformations:1.0.8:8:5
MERGED from jp.co.cyberagent.android.gpuimage:gpuimage-library:1.2.3:8:5
	android:targetSdkVersion
		INJECTED from AndroidManifest.xml:0:0
		INJECTED from AndroidManifest.xml:0:0
	android:minSdkVersion
		INJECTED from AndroidManifest.xml:0:0
		INJECTED from AndroidManifest.xml:0:0